[2020-03-21 11:46:41] local.ERROR: SQLSTATE[HY000] [1045] Access denied for user 'root'@'localhost' (using password: NO) (SQL: select `z`.`zone_name` from `tz_timezone` as `tz` left join `tz_zone` as `z` on `z`.`zone_id` = `tz`.`zone_id` where `tz`.`abbreviation` = UTC limit 1) {"exception":"[object] (Illuminate\\Database\\QueryException(code: 1045): SQLSTATE[HY000] [1045] Access denied for user 'root'@'localhost' (using password: NO) (SQL: select `z`.`zone_name` from `tz_timezone` as `tz` left join `tz_zone` as `z` on `z`.`zone_id` = `tz`.`zone_id` where `tz`.`abbreviation` = UTC limit 1) at /media/manish/Project Data/office work/j1app-dvpt/vendor/laravel/framework/src/Illuminate/Database/Connection.php:673, PDOException(code: 1045): SQLSTATE[HY000] [1045] Access denied for user 'root'@'localhost' (using password: NO) at /media/manish/Project Data/office work/j1app-dvpt/vendor/laravel/framework/src/Illuminate/Database/Connectors/Connector.php:70)
[stacktrace]
#0 /media/manish/Project Data/office work/j1app-dvpt/vendor/laravel/framework/src/Illuminate/Database/Connection.php(632): Illuminate\\Database\\Connection->runQueryCallback('select `z`.`zon...', Array, Object(Closure))
#1 /media/manish/Project Data/office work/j1app-dvpt/vendor/laravel/framework/src/Illuminate/Database/Connection.php(329): Illuminate\\Database\\Connection->run('select `z`.`zon...', Array, Object(Closure))
#2 /media/manish/Project Data/office work/j1app-dvpt/vendor/laravel/framework/src/Illuminate/Database/Query/Builder.php(2130): Illuminate\\Database\\Connection->select('select `z`.`zon...', Array, true)
#3 /media/manish/Project Data/office work/j1app-dvpt/vendor/laravel/framework/src/Illuminate/Database/Query/Builder.php(2118): Illuminate\\Database\\Query\\Builder->runSelect()
#4 /media/manish/Project Data/office work/j1app-dvpt/vendor/laravel/framework/src/Illuminate/Database/Query/Builder.php(2604): Illuminate\\Database\\Query\\Builder->Illuminate\\Database\\Query\\{closure}()
#5 /media/manish/Project Data/office work/j1app-dvpt/vendor/laravel/framework/src/Illuminate/Database/Query/Builder.php(2119): Illuminate\\Database\\Query\\Builder->onceWithColumns(Array, Object(Closure))
#6 /media/manish/Project Data/office work/j1app-dvpt/vendor/laravel/framework/src/Illuminate/Database/Concerns/BuildsQueries.php(77): Illuminate\\Database\\Query\\Builder->get(Array)
#7 /media/manish/Project Data/office work/j1app-dvpt/app/Models/Timezone.php(344): Illuminate\\Database\\Query\\Builder->first()
#8 /media/manish/Project Data/office work/j1app-dvpt/app/Providers/AppServiceProvider.php(40): App\\Models\\Timezone::getZoneNameByAbb('UTC')
#9 /media/manish/Project Data/office work/j1app-dvpt/vendor/laravel/framework/src/Illuminate/Foundation/Application.php(607): App\\Providers\\AppServiceProvider->register()
#10 /media/manish/Project Data/office work/j1app-dvpt/vendor/laravel/framework/src/Illuminate/Foundation/ProviderRepository.php(75): Illuminate\\Foundation\\Application->register(Object(App\\Providers\\AppServiceProvider))
#11 /media/manish/Project Data/office work/j1app-dvpt/vendor/laravel/framework/src/Illuminate/Foundation/Application.php(584): Illuminate\\Foundation\\ProviderRepository->load(Array)
#12 /media/manish/Project Data/office work/j1app-dvpt/vendor/laravel/framework/src/Illuminate/Foundation/Bootstrap/RegisterProviders.php(17): Illuminate\\Foundation\\Application->registerConfiguredProviders()
#13 /media/manish/Project Data/office work/j1app-dvpt/vendor/laravel/framework/src/Illuminate/Foundation/Application.php(210): Illuminate\\Foundation\\Bootstrap\\RegisterProviders->bootstrap(Object(Illuminate\\Foundation\\Application))
#14 /media/manish/Project Data/office work/j1app-dvpt/vendor/laravel/framework/src/Illuminate/Foundation/Console/Kernel.php(322): Illuminate\\Foundation\\Application->bootstrapWith(Array)
#15 /media/manish/Project Data/office work/j1app-dvpt/vendor/laravel/framework/src/Illuminate/Foundation/Console/Kernel.php(131): Illuminate\\Foundation\\Console\\Kernel->bootstrap()
#16 /media/manish/Project Data/office work/j1app-dvpt/artisan(37): Illuminate\\Foundation\\Console\\Kernel->handle(Object(Symfony\\Component\\Console\\Input\\ArgvInput), Object(Symfony\\Component\\Console\\Output\\ConsoleOutput))
#17 {main}
"} 
[2020-03-21 14:06:59] local.ERROR: SQLSTATE[HY000] [1045] Access denied for user 'root'@'localhost' (using password: NO) (SQL: select `z`.`zone_name` from `tz_timezone` as `tz` left join `tz_zone` as `z` on `z`.`zone_id` = `tz`.`zone_id` where `tz`.`abbreviation` = UTC limit 1) {"exception":"[object] (Illuminate\\Database\\QueryException(code: 1045): SQLSTATE[HY000] [1045] Access denied for user 'root'@'localhost' (using password: NO) (SQL: select `z`.`zone_name` from `tz_timezone` as `tz` left join `tz_zone` as `z` on `z`.`zone_id` = `tz`.`zone_id` where `tz`.`abbreviation` = UTC limit 1) at /media/manish/Project Data/office work/j1app-dvpt/vendor/laravel/framework/src/Illuminate/Database/Connection.php:673, PDOException(code: 1045): SQLSTATE[HY000] [1045] Access denied for user 'root'@'localhost' (using password: NO) at /media/manish/Project Data/office work/j1app-dvpt/vendor/laravel/framework/src/Illuminate/Database/Connectors/Connector.php:70)
[stacktrace]
#0 /media/manish/Project Data/office work/j1app-dvpt/vendor/laravel/framework/src/Illuminate/Database/Connection.php(632): Illuminate\\Database\\Connection->runQueryCallback('select `z`.`zon...', Array, Object(Closure))
#1 /media/manish/Project Data/office work/j1app-dvpt/vendor/laravel/framework/src/Illuminate/Database/Connection.php(329): Illuminate\\Database\\Connection->run('select `z`.`zon...', Array, Object(Closure))
#2 /media/manish/Project Data/office work/j1app-dvpt/vendor/laravel/framework/src/Illuminate/Database/Query/Builder.php(2130): Illuminate\\Database\\Connection->select('select `z`.`zon...', Array, true)
#3 /media/manish/Project Data/office work/j1app-dvpt/vendor/laravel/framework/src/Illuminate/Database/Query/Builder.php(2118): Illuminate\\Database\\Query\\Builder->runSelect()
#4 /media/manish/Project Data/office work/j1app-dvpt/vendor/laravel/framework/src/Illuminate/Database/Query/Builder.php(2604): Illuminate\\Database\\Query\\Builder->Illuminate\\Database\\Query\\{closure}()
#5 /media/manish/Project Data/office work/j1app-dvpt/vendor/laravel/framework/src/Illuminate/Database/Query/Builder.php(2119): Illuminate\\Database\\Query\\Builder->onceWithColumns(Array, Object(Closure))
#6 /media/manish/Project Data/office work/j1app-dvpt/vendor/laravel/framework/src/Illuminate/Database/Concerns/BuildsQueries.php(77): Illuminate\\Database\\Query\\Builder->get(Array)
#7 /media/manish/Project Data/office work/j1app-dvpt/app/Models/Timezone.php(344): Illuminate\\Database\\Query\\Builder->first()
#8 /media/manish/Project Data/office work/j1app-dvpt/app/Providers/AppServiceProvider.php(40): App\\Models\\Timezone::getZoneNameByAbb('UTC')
#9 /media/manish/Project Data/office work/j1app-dvpt/vendor/laravel/framework/src/Illuminate/Foundation/Application.php(607): App\\Providers\\AppServiceProvider->register()
#10 /media/manish/Project Data/office work/j1app-dvpt/vendor/laravel/framework/src/Illuminate/Foundation/ProviderRepository.php(75): Illuminate\\Foundation\\Application->register(Object(App\\Providers\\AppServiceProvider))
#11 /media/manish/Project Data/office work/j1app-dvpt/vendor/laravel/framework/src/Illuminate/Foundation/Application.php(584): Illuminate\\Foundation\\ProviderRepository->load(Array)
#12 /media/manish/Project Data/office work/j1app-dvpt/vendor/laravel/framework/src/Illuminate/Foundation/Bootstrap/RegisterProviders.php(17): Illuminate\\Foundation\\Application->registerConfiguredProviders()
#13 /media/manish/Project Data/office work/j1app-dvpt/vendor/laravel/framework/src/Illuminate/Foundation/Application.php(210): Illuminate\\Foundation\\Bootstrap\\RegisterProviders->bootstrap(Object(Illuminate\\Foundation\\Application))
#14 /media/manish/Project Data/office work/j1app-dvpt/vendor/laravel/framework/src/Illuminate/Foundation/Console/Kernel.php(322): Illuminate\\Foundation\\Application->bootstrapWith(Array)
#15 /media/manish/Project Data/office work/j1app-dvpt/vendor/laravel/framework/src/Illuminate/Foundation/Console/Kernel.php(131): Illuminate\\Foundation\\Console\\Kernel->bootstrap()
#16 /media/manish/Project Data/office work/j1app-dvpt/artisan(37): Illuminate\\Foundation\\Console\\Kernel->handle(Object(Symfony\\Component\\Console\\Input\\ArgvInput), Object(Symfony\\Component\\Console\\Output\\ConsoleOutput))
#17 {main}
"} 
